<?xml version="1.0" encoding="UTF-8"?>
<testsuite xmlns:xsi="http://www.w3.org/2001/XMLSchema-instance" xsi:noNamespaceSchemaLocation="https://maven.apache.org/surefire/maven-surefire-plugin/xsd/surefire-test-report.xsd" name="com.github.wbk.SmokeTest" time="0.021" tests="1" errors="0" skipped="0" failures="0">
  <properties>
    <property name="sun.desktop" value="windows"/>
    <property name="awt.toolkit" value="sun.awt.windows.WToolkit"/>
    <property name="file.encoding.pkg" value="sun.io"/>
    <property name="java.specification.version" value="1.8"/>
    <property name="sun.cpu.isalist" value="amd64"/>
    <property name="sun.jnu.encoding" value="GBK"/>
    <property name="java.class.path" value="F:\xdml\Crawler\my-Crawler\target\test-classes;F:\xdml\Crawler\my-Crawler\target\classes;C:\Users\sentry\.m2\repository\org\junit\jupiter\junit-jupiter-api\5.4.2\junit-jupiter-api-5.4.2.jar;C:\Users\sentry\.m2\repository\org\apiguardian\apiguardian-api\1.0.0\apiguardian-api-1.0.0.jar;C:\Users\sentry\.m2\repository\org\opentest4j\opentest4j\1.1.1\opentest4j-1.1.1.jar;C:\Users\sentry\.m2\repository\org\junit\platform\junit-platform-commons\1.4.2\junit-platform-commons-1.4.2.jar;C:\Users\sentry\.m2\repository\org\junit\jupiter\junit-jupiter-engine\5.4.2\junit-jupiter-engine-5.4.2.jar;C:\Users\sentry\.m2\repository\org\junit\platform\junit-platform-engine\1.4.2\junit-platform-engine-1.4.2.jar;C:\Users\sentry\.m2\repository\org\apache\httpcomponents\httpclient\4.5.10\httpclient-4.5.10.jar;C:\Users\sentry\.m2\repository\org\apache\httpcomponents\httpcore\4.4.12\httpcore-4.4.12.jar;C:\Users\sentry\.m2\repository\commons-logging\commons-logging\1.2\commons-logging-1.2.jar;C:\Users\sentry\.m2\repository\commons-codec\commons-codec\1.11\commons-codec-1.11.jar;C:\Users\sentry\.m2\repository\org\jsoup\jsoup\1.11.3\jsoup-1.11.3.jar;C:\Users\sentry\.m2\repository\com\h2database\h2\1.4.199\h2-1.4.199.jar;C:\Users\sentry\.m2\repository\org\mybatis\mybatis\3.5.2\mybatis-3.5.2.jar;C:\Users\sentry\.m2\repository\mysql\mysql-connector-java\5.1.6\mysql-connector-java-5.1.6.jar;C:\Users\sentry\.m2\repository\org\elasticsearch\client\elasticsearch-rest-high-level-client\7.4.1\elasticsearch-rest-high-level-client-7.4.1.jar;C:\Users\sentry\.m2\repository\org\elasticsearch\elasticsearch\7.4.1\elasticsearch-7.4.1.jar;C:\Users\sentry\.m2\repository\org\elasticsearch\elasticsearch-core\7.4.1\elasticsearch-core-7.4.1.jar;C:\Users\sentry\.m2\repository\org\elasticsearch\elasticsearch-secure-sm\7.4.1\elasticsearch-secure-sm-7.4.1.jar;C:\Users\sentry\.m2\repository\org\elasticsearch\elasticsearch-x-content\7.4.1\elasticsearch-x-content-7.4.1.jar;C:\Users\sentry\.m2\repository\org\yaml\snakeyaml\1.17\snakeyaml-1.17.jar;C:\Users\sentry\.m2\repository\com\fasterxml\jackson\core\jackson-core\2.8.11\jackson-core-2.8.11.jar;C:\Users\sentry\.m2\repository\com\fasterxml\jackson\dataformat\jackson-dataformat-smile\2.8.11\jackson-dataformat-smile-2.8.11.jar;C:\Users\sentry\.m2\repository\com\fasterxml\jackson\dataformat\jackson-dataformat-yaml\2.8.11\jackson-dataformat-yaml-2.8.11.jar;C:\Users\sentry\.m2\repository\com\fasterxml\jackson\dataformat\jackson-dataformat-cbor\2.8.11\jackson-dataformat-cbor-2.8.11.jar;C:\Users\sentry\.m2\repository\org\elasticsearch\elasticsearch-geo\7.4.1\elasticsearch-geo-7.4.1.jar;C:\Users\sentry\.m2\repository\org\apache\lucene\lucene-core\8.2.0\lucene-core-8.2.0.jar;C:\Users\sentry\.m2\repository\org\apache\lucene\lucene-analyzers-common\8.2.0\lucene-analyzers-common-8.2.0.jar;C:\Users\sentry\.m2\repository\org\apache\lucene\lucene-backward-codecs\8.2.0\lucene-backward-codecs-8.2.0.jar;C:\Users\sentry\.m2\repository\org\apache\lucene\lucene-grouping\8.2.0\lucene-grouping-8.2.0.jar;C:\Users\sentry\.m2\repository\org\apache\lucene\lucene-highlighter\8.2.0\lucene-highlighter-8.2.0.jar;C:\Users\sentry\.m2\repository\org\apache\lucene\lucene-join\8.2.0\lucene-join-8.2.0.jar;C:\Users\sentry\.m2\repository\org\apache\lucene\lucene-memory\8.2.0\lucene-memory-8.2.0.jar;C:\Users\sentry\.m2\repository\org\apache\lucene\lucene-misc\8.2.0\lucene-misc-8.2.0.jar;C:\Users\sentry\.m2\repository\org\apache\lucene\lucene-queries\8.2.0\lucene-queries-8.2.0.jar;C:\Users\sentry\.m2\repository\org\apache\lucene\lucene-queryparser\8.2.0\lucene-queryparser-8.2.0.jar;C:\Users\sentry\.m2\repository\org\apache\lucene\lucene-sandbox\8.2.0\lucene-sandbox-8.2.0.jar;C:\Users\sentry\.m2\repository\org\apache\lucene\lucene-spatial\8.2.0\lucene-spatial-8.2.0.jar;C:\Users\sentry\.m2\repository\org\apache\lucene\lucene-spatial-extras\8.2.0\lucene-spatial-extras-8.2.0.jar;C:\Users\sentry\.m2\repository\org\apache\lucene\lucene-spatial3d\8.2.0\lucene-spatial3d-8.2.0.jar;C:\Users\sentry\.m2\repository\org\apache\lucene\lucene-suggest\8.2.0\lucene-suggest-8.2.0.jar;C:\Users\sentry\.m2\repository\org\elasticsearch\elasticsearch-cli\7.4.1\elasticsearch-cli-7.4.1.jar;C:\Users\sentry\.m2\repository\net\sf\jopt-simple\jopt-simple\5.0.2\jopt-simple-5.0.2.jar;C:\Users\sentry\.m2\repository\com\carrotsearch\hppc\0.8.1\hppc-0.8.1.jar;C:\Users\sentry\.m2\repository\joda-time\joda-time\2.10.3\joda-time-2.10.3.jar;C:\Users\sentry\.m2\repository\com\tdunning\t-digest\3.2\t-digest-3.2.jar;C:\Users\sentry\.m2\repository\org\hdrhistogram\HdrHistogram\2.1.9\HdrHistogram-2.1.9.jar;C:\Users\sentry\.m2\repository\org\apache\logging\log4j\log4j-api\2.11.1\log4j-api-2.11.1.jar;C:\Users\sentry\.m2\repository\org\elasticsearch\jna\4.5.1\jna-4.5.1.jar;C:\Users\sentry\.m2\repository\org\elasticsearch\client\elasticsearch-rest-client\7.4.1\elasticsearch-rest-client-7.4.1.jar;C:\Users\sentry\.m2\repository\org\apache\httpcomponents\httpasyncclient\4.1.4\httpasyncclient-4.1.4.jar;C:\Users\sentry\.m2\repository\org\apache\httpcomponents\httpcore-nio\4.4.11\httpcore-nio-4.4.11.jar;C:\Users\sentry\.m2\repository\org\elasticsearch\plugin\mapper-extras-client\7.4.1\mapper-extras-client-7.4.1.jar;C:\Users\sentry\.m2\repository\org\elasticsearch\plugin\parent-join-client\7.4.1\parent-join-client-7.4.1.jar;C:\Users\sentry\.m2\repository\org\elasticsearch\plugin\aggs-matrix-stats-client\7.4.1\aggs-matrix-stats-client-7.4.1.jar;C:\Users\sentry\.m2\repository\org\elasticsearch\plugin\rank-eval-client\7.4.1\rank-eval-client-7.4.1.jar;C:\Users\sentry\.m2\repository\org\elasticsearch\plugin\lang-mustache-client\7.4.1\lang-mustache-client-7.4.1.jar;C:\Users\sentry\.m2\repository\com\github\spullara\mustache\java\compiler\0.9.3\compiler-0.9.3.jar;"/>
    <property name="java.vm.vendor" value="Oracle Corporation"/>
    <property name="sun.arch.data.model" value="64"/>
    <property name="user.variant" value=""/>
    <property name="java.vendor.url" value="http://java.oracle.com/"/>
    <property name="user.timezone" value="Asia/Shanghai"/>
    <property name="java.vm.specification.version" value="1.8"/>
    <property name="os.name" value="Windows 10"/>
    <property name="user.country" value="CN"/>
    <property name="sun.java.launcher" value="SUN_STANDARD"/>
    <property name="sun.boot.library.path" value="D:\Software\Java\jdk1.8.0_211\jre\bin"/>
    <property name="sun.java.command" value="C:\Users\sentry\AppData\Local\Temp\surefire7861800232844211185\surefirebooter1566424686110120710.jar C:\Users\sentry\AppData\Local\Temp\surefire7861800232844211185 2019-10-28T17-14-43_934-jvmRun1 surefire3276359110520637985tmp surefire_03653127535189561068tmp"/>
    <property name="surefire.test.class.path" value="F:\xdml\Crawler\my-Crawler\target\test-classes;F:\xdml\Crawler\my-Crawler\target\classes;C:\Users\sentry\.m2\repository\org\junit\jupiter\junit-jupiter-api\5.4.2\junit-jupiter-api-5.4.2.jar;C:\Users\sentry\.m2\repository\org\apiguardian\apiguardian-api\1.0.0\apiguardian-api-1.0.0.jar;C:\Users\sentry\.m2\repository\org\opentest4j\opentest4j\1.1.1\opentest4j-1.1.1.jar;C:\Users\sentry\.m2\repository\org\junit\platform\junit-platform-commons\1.4.2\junit-platform-commons-1.4.2.jar;C:\Users\sentry\.m2\repository\org\junit\jupiter\junit-jupiter-engine\5.4.2\junit-jupiter-engine-5.4.2.jar;C:\Users\sentry\.m2\repository\org\junit\platform\junit-platform-engine\1.4.2\junit-platform-engine-1.4.2.jar;C:\Users\sentry\.m2\repository\org\apache\httpcomponents\httpclient\4.5.10\httpclient-4.5.10.jar;C:\Users\sentry\.m2\repository\org\apache\httpcomponents\httpcore\4.4.12\httpcore-4.4.12.jar;C:\Users\sentry\.m2\repository\commons-logging\commons-logging\1.2\commons-logging-1.2.jar;C:\Users\sentry\.m2\repository\commons-codec\commons-codec\1.11\commons-codec-1.11.jar;C:\Users\sentry\.m2\repository\org\jsoup\jsoup\1.11.3\jsoup-1.11.3.jar;C:\Users\sentry\.m2\repository\com\h2database\h2\1.4.199\h2-1.4.199.jar;C:\Users\sentry\.m2\repository\org\mybatis\mybatis\3.5.2\mybatis-3.5.2.jar;C:\Users\sentry\.m2\repository\mysql\mysql-connector-java\5.1.6\mysql-connector-java-5.1.6.jar;C:\Users\sentry\.m2\repository\org\elasticsearch\client\elasticsearch-rest-high-level-client\7.4.1\elasticsearch-rest-high-level-client-7.4.1.jar;C:\Users\sentry\.m2\repository\org\elasticsearch\elasticsearch\7.4.1\elasticsearch-7.4.1.jar;C:\Users\sentry\.m2\repository\org\elasticsearch\elasticsearch-core\7.4.1\elasticsearch-core-7.4.1.jar;C:\Users\sentry\.m2\repository\org\elasticsearch\elasticsearch-secure-sm\7.4.1\elasticsearch-secure-sm-7.4.1.jar;C:\Users\sentry\.m2\repository\org\elasticsearch\elasticsearch-x-content\7.4.1\elasticsearch-x-content-7.4.1.jar;C:\Users\sentry\.m2\repository\org\yaml\snakeyaml\1.17\snakeyaml-1.17.jar;C:\Users\sentry\.m2\repository\com\fasterxml\jackson\core\jackson-core\2.8.11\jackson-core-2.8.11.jar;C:\Users\sentry\.m2\repository\com\fasterxml\jackson\dataformat\jackson-dataformat-smile\2.8.11\jackson-dataformat-smile-2.8.11.jar;C:\Users\sentry\.m2\repository\com\fasterxml\jackson\dataformat\jackson-dataformat-yaml\2.8.11\jackson-dataformat-yaml-2.8.11.jar;C:\Users\sentry\.m2\repository\com\fasterxml\jackson\dataformat\jackson-dataformat-cbor\2.8.11\jackson-dataformat-cbor-2.8.11.jar;C:\Users\sentry\.m2\repository\org\elasticsearch\elasticsearch-geo\7.4.1\elasticsearch-geo-7.4.1.jar;C:\Users\sentry\.m2\repository\org\apache\lucene\lucene-core\8.2.0\lucene-core-8.2.0.jar;C:\Users\sentry\.m2\repository\org\apache\lucene\lucene-analyzers-common\8.2.0\lucene-analyzers-common-8.2.0.jar;C:\Users\sentry\.m2\repository\org\apache\lucene\lucene-backward-codecs\8.2.0\lucene-backward-codecs-8.2.0.jar;C:\Users\sentry\.m2\repository\org\apache\lucene\lucene-grouping\8.2.0\lucene-grouping-8.2.0.jar;C:\Users\sentry\.m2\repository\org\apache\lucene\lucene-highlighter\8.2.0\lucene-highlighter-8.2.0.jar;C:\Users\sentry\.m2\repository\org\apache\lucene\lucene-join\8.2.0\lucene-join-8.2.0.jar;C:\Users\sentry\.m2\repository\org\apache\lucene\lucene-memory\8.2.0\lucene-memory-8.2.0.jar;C:\Users\sentry\.m2\repository\org\apache\lucene\lucene-misc\8.2.0\lucene-misc-8.2.0.jar;C:\Users\sentry\.m2\repository\org\apache\lucene\lucene-queries\8.2.0\lucene-queries-8.2.0.jar;C:\Users\sentry\.m2\repository\org\apache\lucene\lucene-queryparser\8.2.0\lucene-queryparser-8.2.0.jar;C:\Users\sentry\.m2\repository\org\apache\lucene\lucene-sandbox\8.2.0\lucene-sandbox-8.2.0.jar;C:\Users\sentry\.m2\repository\org\apache\lucene\lucene-spatial\8.2.0\lucene-spatial-8.2.0.jar;C:\Users\sentry\.m2\repository\org\apache\lucene\lucene-spatial-extras\8.2.0\lucene-spatial-extras-8.2.0.jar;C:\Users\sentry\.m2\repository\org\apache\lucene\lucene-spatial3d\8.2.0\lucene-spatial3d-8.2.0.jar;C:\Users\sentry\.m2\repository\org\apache\lucene\lucene-suggest\8.2.0\lucene-suggest-8.2.0.jar;C:\Users\sentry\.m2\repository\org\elasticsearch\elasticsearch-cli\7.4.1\elasticsearch-cli-7.4.1.jar;C:\Users\sentry\.m2\repository\net\sf\jopt-simple\jopt-simple\5.0.2\jopt-simple-5.0.2.jar;C:\Users\sentry\.m2\repository\com\carrotsearch\hppc\0.8.1\hppc-0.8.1.jar;C:\Users\sentry\.m2\repository\joda-time\joda-time\2.10.3\joda-time-2.10.3.jar;C:\Users\sentry\.m2\repository\com\tdunning\t-digest\3.2\t-digest-3.2.jar;C:\Users\sentry\.m2\repository\org\hdrhistogram\HdrHistogram\2.1.9\HdrHistogram-2.1.9.jar;C:\Users\sentry\.m2\repository\org\apache\logging\log4j\log4j-api\2.11.1\log4j-api-2.11.1.jar;C:\Users\sentry\.m2\repository\org\elasticsearch\jna\4.5.1\jna-4.5.1.jar;C:\Users\sentry\.m2\repository\org\elasticsearch\client\elasticsearch-rest-client\7.4.1\elasticsearch-rest-client-7.4.1.jar;C:\Users\sentry\.m2\repository\org\apache\httpcomponents\httpasyncclient\4.1.4\httpasyncclient-4.1.4.jar;C:\Users\sentry\.m2\repository\org\apache\httpcomponents\httpcore-nio\4.4.11\httpcore-nio-4.4.11.jar;C:\Users\sentry\.m2\repository\org\elasticsearch\plugin\mapper-extras-client\7.4.1\mapper-extras-client-7.4.1.jar;C:\Users\sentry\.m2\repository\org\elasticsearch\plugin\parent-join-client\7.4.1\parent-join-client-7.4.1.jar;C:\Users\sentry\.m2\repository\org\elasticsearch\plugin\aggs-matrix-stats-client\7.4.1\aggs-matrix-stats-client-7.4.1.jar;C:\Users\sentry\.m2\repository\org\elasticsearch\plugin\rank-eval-client\7.4.1\rank-eval-client-7.4.1.jar;C:\Users\sentry\.m2\repository\org\elasticsearch\plugin\lang-mustache-client\7.4.1\lang-mustache-client-7.4.1.jar;C:\Users\sentry\.m2\repository\com\github\spullara\mustache\java\compiler\0.9.3\compiler-0.9.3.jar;"/>
    <property name="sun.cpu.endian" value="little"/>
    <property name="user.home" value="C:\Users\sentry"/>
    <property name="user.language" value="zh"/>
    <property name="java.specification.vendor" value="Oracle Corporation"/>
    <property name="java.home" value="D:\Software\Java\jdk1.8.0_211\jre"/>
    <property name="basedir" value="F:\xdml\Crawler\my-Crawler"/>
    <property name="file.separator" value="\"/>
    <property name="line.separator" value="&#10;"/>
    <property name="java.vm.specification.vendor" value="Oracle Corporation"/>
    <property name="java.specification.name" value="Java Platform API Specification"/>
    <property name="java.awt.graphicsenv" value="sun.awt.Win32GraphicsEnvironment"/>
    <property name="surefire.real.class.path" value="C:\Users\sentry\AppData\Local\Temp\surefire7861800232844211185\surefirebooter1566424686110120710.jar"/>
    <property name="sun.boot.class.path" value="D:\Software\Java\jdk1.8.0_211\jre\lib\resources.jar;D:\Software\Java\jdk1.8.0_211\jre\lib\rt.jar;D:\Software\Java\jdk1.8.0_211\jre\lib\sunrsasign.jar;D:\Software\Java\jdk1.8.0_211\jre\lib\jsse.jar;D:\Software\Java\jdk1.8.0_211\jre\lib\jce.jar;D:\Software\Java\jdk1.8.0_211\jre\lib\charsets.jar;D:\Software\Java\jdk1.8.0_211\jre\lib\jfr.jar;D:\Software\Java\jdk1.8.0_211\jre\classes"/>
    <property name="user.script" value=""/>
    <property name="sun.management.compiler" value="HotSpot 64-Bit Tiered Compilers"/>
    <property name="java.runtime.version" value="1.8.0_211-b12"/>
    <property name="user.name" value="sentry"/>
    <property name="path.separator" value=";"/>
    <property name="os.version" value="10.0"/>
    <property name="java.endorsed.dirs" value="D:\Software\Java\jdk1.8.0_211\jre\lib\endorsed"/>
    <property name="java.runtime.name" value="Java(TM) SE Runtime Environment"/>
    <property name="file.encoding" value="UTF-8"/>
    <property name="java.vm.name" value="Java HotSpot(TM) 64-Bit Server VM"/>
    <property name="localRepository" value="C:\Users\sentry\.m2\repository"/>
    <property name="java.vendor.url.bug" value="http://bugreport.sun.com/bugreport/"/>
    <property name="java.io.tmpdir" value="C:\Users\sentry\AppData\Local\Temp\"/>
    <property name="java.version" value="1.8.0_211"/>
    <property name="user.dir" value="F:\xdml\Crawler\my-Crawler"/>
    <property name="os.arch" value="amd64"/>
    <property name="java.vm.specification.name" value="Java Virtual Machine Specification"/>
    <property name="java.awt.printerjob" value="sun.awt.windows.WPrinterJob"/>
    <property name="sun.os.patch.level" value=""/>
    <property name="java.library.path" value="D:\Software\Java\jdk1.8.0_211\jre\bin;C:\WINDOWS\Sun\Java\bin;C:\WINDOWS\system32;C:\WINDOWS;C:\ProgramData\DockerDesktop\version-bin;C:\Program Files\Docker\Docker\Resources\bin;D:\Software\Java\jdk1.8.0_211\bin;C:\Program Files (x86)\Common Files\Oracle\Java\javapath;D:\Software\Java\apache-maven-3.5.4\bin;C:\Program Files (x86)\Intel\Intel(R) Management Engine Components\iCLS\;C:\Program Files\Intel\Intel(R) Management Engine Components\iCLS\;C:\Windows\system32;C:\Windows;C:\Windows\System32\Wbem;C:\Windows\System32\WindowsPowerShell\v1.0\;C:\Program Files (x86)\NVIDIA Corporation\PhysX\Common;C:\Program Files\Intel\WiFi\bin\;C:\Program Files\Common Files\Intel\WirelessCommon\;C:\Program Files (x86)\Intel\Intel(R) Management Engine Components\DAL;C:\Program Files\Intel\Intel(R) Management Engine Components\DAL;C:\Program Files (x86)\Intel\Intel(R) Management Engine Components\IPT;C:\Program Files\Intel\Intel(R) Management Engine Components\IPT;C:\WINDOWS\system32;C:\WINDOWS;C:\WINDOWS\System32\Wbem;C:\WINDOWS\System32\WindowsPowerShell\v1.0\;C:\Program Files (x86)\Windows Kits\8.1\Windows Performance Toolkit\;C:\WINDOWS\System32\OpenSSH\;D:\Software\Git\Git\cmd;D:\Software\NodeJS\;C:\sqlite\sqlite-tools-win32-x86-3270200;D:\Software\Java\jdk1.8.0_211\bin;C:\Program Files\Common Files\Autodesk Shared\;C:\Program Files (x86)\Autodesk\Backburner\;D:\Software\tomcat\apache-tomcat-9.0.21\bin;D:\Software\tomcat\apache-tomcat-9.0.21\lib;D:\Software\hugo;C:\Users\sentry\AppData\Local\Microsoft\WindowsApps;C:\Users\sentry\AppData\Roaming\npm;D:\Software\Java\apache-maven-3.5.4\bin;C:\Users\sentry\AppData\Local\Microsoft\WindowsApps;D:\Software\Microsoft VS Code\bin;;."/>
    <property name="java.vm.info" value="mixed mode"/>
    <property name="java.vendor" value="Oracle Corporation"/>
    <property name="java.vm.version" value="25.211-b12"/>
    <property name="java.ext.dirs" value="D:\Software\Java\jdk1.8.0_211\jre\lib\ext;C:\WINDOWS\Sun\Java\lib\ext"/>
    <property name="sun.io.unicode.encoding" value="UnicodeLittle"/>
    <property name="java.class.version" value="52.0"/>
  </properties>
  <testcase name="test" classname="com.github.wbk.SmokeTest" time="0.002"/>
</testsuite>